<?xml version="1.0" encoding="UTF-8"?>
<!-- Generated by org.testng.reporters.JUnitReportReporter -->
<testsuite hostname="LAPTOP-QJ2943QA" failures="0" tests="1" name="NewTest" time="0.010" errors="0" timestamp="2022-09-27T09:28:11 IST" skipped="0">
  <testcase classname="NewTest" name="f" time="0.010"/>
  <system-out/>
</testsuite> <!-- NewTest -->
